<html>
<head>
<title>TestNG:  Default test</title>
<link href="../testng.css" rel="stylesheet" type="text/css" />
<link href="../my-testng.css" rel="stylesheet" type="text/css" />

<style type="text/css">
.log { display: none;} 
.stack-trace { display: none;} 
</style>
<script type="text/javascript">
<!--
function flip(e) {
  current = e.style.display;
  if (current == 'block') {
    e.style.display = 'none';
    return 0;
  }
  else {
    e.style.display = 'block';
    return 1;
  }
}

function toggleBox(szDivId, elem, msg1, msg2)
{
  var res = -1;  if (document.getElementById) {
    res = flip(document.getElementById(szDivId));
  }
  else if (document.all) {
    // this is the way old msie versions work
    res = flip(document.all[szDivId]);
  }
  if(elem) {
    if(res == 0) elem.innerHTML = msg1; else elem.innerHTML = msg2;
  }

}

function toggleAllBoxes() {
  if (document.getElementsByTagName) {
    d = document.getElementsByTagName('div');
    for (i = 0; i < d.length; i++) {
      if (d[i].className == 'log') {
        flip(d[i]);
      }
    }
  }
}

// -->
</script>

</head>
<body>
<h2 align='center'>Default test</h2><table border='1' align="center">
<tr>
<td>Tests passed/Failed/Skipped:</td><td>3/3/0</td>
</tr><tr>
<td>Started on:</td><td>Tue Feb 25 11:28:39 CST 2025</td>
</tr>
<tr><td>Total time:</td><td>25 seconds (25746 ms)</td>
</tr><tr>
<td>Included groups:</td><td></td>
</tr><tr>
<td>Excluded groups:</td><td></td>
</tr>
</table><p/>
<small><i>(Hover the method name to see the test class name)</i></small><p/>
<table width='100%' border='1' class='invocation-failed'>
<tr><td colspan='4' align='center'><b>FAILED TESTS</b></td></tr>
<tr><td><b>Test method</b></td>
<td><b>Attribute(s)</b></td>
<td width="30%"><b>Exception</b></td>
<td width="10%"><b>Time (seconds)</b></td>
<td><b>Instance</b></td>
</tr>
<tr>
<td title='runner.TestRunner.runScenario()'><b>runScenario</b><br>Test class: runner.TestRunner<br>Test method: Runs Cucumber Scenarios<br>Parameters: "Verify pagination when there are less than 5 records", "Program Pagination"</td>
<td><div><pre>java.lang.AssertionError: Test failed because rows count is &gt; 5
	at org.testng.Assert.fail(Assert.java:111)
	at stepDefinitions.ProgramPagination.admin_should_see_pagination_icons_disabled(ProgramPagination.java:155)
	at ✽.Admin should see pagination icons disabled(file:///C:/Users/rakhy/Selenium_Hackathon/Selenium_Hackathon/Selenium_Hackathon_Team5/src/test/resources/featureFiles/ProgramPagination.feature:37)
</pre></div><a href='#' onClick='toggleBox("stack-trace1880036030", this, "Click to show all stack frames", "Click to hide stack frames")'>Click to show all stack frames</a>
<div class='stack-trace' id='stack-trace1880036030'><pre>java.lang.AssertionError: Test failed because rows count is &gt; 5
	at org.testng.Assert.fail(Assert.java:111)
	at stepDefinitions.ProgramPagination.admin_should_see_pagination_icons_disabled(ProgramPagination.java:155)
	at ✽.Admin should see pagination icons disabled(file:///C:/Users/rakhy/Selenium_Hackathon/Selenium_Hackathon/Selenium_Hackathon_Team5/src/test/resources/featureFiles/ProgramPagination.feature:37)
</pre></div></td>
<td>13</td>
<td>runner.TestRunner@52e7a6b2</td></tr>
<tr>
<td title='runner.TestRunner.runScenario()'><b>runScenario</b><br>Test class: runner.TestRunner<br>Test method: Runs Cucumber Scenarios<br>Parameters: "Verify Admin is able to click Previous page link", "Program Pagination"</td>
<td><div><pre>java.lang.AssertionError: expected [true] but found [false]
	at org.testng.Assert.fail(Assert.java:111)
	at org.testng.Assert.failNotEquals(Assert.java:1578)
	at org.testng.Assert.assertTrue(Assert.java:57)
	at org.testng.Assert.assertTrue(Assert.java:67)
	at stepDefinitions.ProgramPagination.admin_should_see_the_previous_page_record_on_the_table_with_pagination_has_previous_page_link(ProgramPagination.java:100)
	at ✽.Admin should see the previous page record on the table with pagination has previous page link(file:///C:/Users/rakhy/Selenium_Hackathon/Selenium_Hackathon/Selenium_Hackathon_Team5/src/test/resources/featureFiles/ProgramPagination.feature:22)
</pre></div><a href='#' onClick='toggleBox("stack-trace893846990", this, "Click to show all stack frames", "Click to hide stack frames")'>Click to show all stack frames</a>
<div class='stack-trace' id='stack-trace893846990'><pre>java.lang.AssertionError: expected [true] but found [false]
	at org.testng.Assert.fail(Assert.java:111)
	at org.testng.Assert.failNotEquals(Assert.java:1578)
	at org.testng.Assert.assertTrue(Assert.java:57)
	at org.testng.Assert.assertTrue(Assert.java:67)
	at stepDefinitions.ProgramPagination.admin_should_see_the_previous_page_record_on_the_table_with_pagination_has_previous_page_link(ProgramPagination.java:100)
	at ✽.Admin should see the previous page record on the table with pagination has previous page link(file:///C:/Users/rakhy/Selenium_Hackathon/Selenium_Hackathon/Selenium_Hackathon_Team5/src/test/resources/featureFiles/ProgramPagination.feature:22)
</pre></div></td>
<td>16</td>
<td>runner.TestRunner@52e7a6b2</td></tr>
<tr>
<td title='runner.TestRunner.runScenario()'><b>runScenario</b><br>Test class: runner.TestRunner<br>Test method: Runs Cucumber Scenarios<br>Parameters: "Verify pagination when there are no records", "Program Pagination"</td>
<td><div><pre>java.lang.AssertionError: No records found expected [true] but found [false]
	at org.testng.Assert.fail(Assert.java:111)
	at org.testng.Assert.failNotEquals(Assert.java:1578)
	at org.testng.Assert.assertTrue(Assert.java:57)
	at stepDefinitions.ProgramPagination.admin_should_not_see_any_pagination_icons_and_message(ProgramPagination.java:135)
	at ✽.Admin should not see any pagination icons and message &quot;No records found&quot;(file:///C:/Users/rakhy/Selenium_Hackathon/Selenium_Hackathon/Selenium_Hackathon_Team5/src/test/resources/featureFiles/ProgramPagination.feature:32)
</pre></div><a href='#' onClick='toggleBox("stack-trace1899972180", this, "Click to show all stack frames", "Click to hide stack frames")'>Click to show all stack frames</a>
<div class='stack-trace' id='stack-trace1899972180'><pre>java.lang.AssertionError: No records found expected [true] but found [false]
	at org.testng.Assert.fail(Assert.java:111)
	at org.testng.Assert.failNotEquals(Assert.java:1578)
	at org.testng.Assert.assertTrue(Assert.java:57)
	at stepDefinitions.ProgramPagination.admin_should_not_see_any_pagination_icons_and_message(ProgramPagination.java:135)
	at ✽.Admin should not see any pagination icons and message &quot;No records found&quot;(file:///C:/Users/rakhy/Selenium_Hackathon/Selenium_Hackathon/Selenium_Hackathon_Team5/src/test/resources/featureFiles/ProgramPagination.feature:32)
</pre></div></td>
<td>10</td>
<td>runner.TestRunner@52e7a6b2</td></tr>
</table><p>
<table width='100%' border='1' class='invocation-passed'>
<tr><td colspan='4' align='center'><b>PASSED TESTS</b></td></tr>
<tr><td><b>Test method</b></td>
<td><b>Attribute(s)</b></td>
<td width="30%"><b>Exception</b></td>
<td width="10%"><b>Time (seconds)</b></td>
<td><b>Instance</b></td>
</tr>
<tr>
<td title='runner.TestRunner.runScenario()'><b>runScenario</b><br>Test class: runner.TestRunner<br>Test method: Runs Cucumber Scenarios<br>Parameters: "Verify Admin is able to click Last page link", "Program Pagination"</td>
<td></td>
<td>14</td>
<td>runner.TestRunner@52e7a6b2</td></tr>
<tr>
<td title='runner.TestRunner.runScenario()'><b>runScenario</b><br>Test class: runner.TestRunner<br>Test method: Runs Cucumber Scenarios<br>Parameters: "Verify Admin is able to click Next page link", "Program Pagination"</td>
<td></td>
<td>15</td>
<td>runner.TestRunner@52e7a6b2</td></tr>
<tr>
<td title='runner.TestRunner.runScenario()'><b>runScenario</b><br>Test class: runner.TestRunner<br>Test method: Runs Cucumber Scenarios<br>Parameters: "Verify Admin is able to click First page link", "Program Pagination"</td>
<td></td>
<td>11</td>
<td>runner.TestRunner@52e7a6b2</td></tr>
</table><p>
</body>
</html>