<?xml version="1.0" encoding="UTF-8"?>
<testng-results ignored="0" total="1" passed="0" failed="1" skipped="0">
  <reporter-output>
  </reporter-output>
  <suite started-at="2025-02-25T10:38:05 CST" name="Default suite" finished-at="2025-02-25T10:38:23 CST" duration-ms="18153">
    <groups>
      <group name="cucumber">
        <method signature="AbstractTestNGCucumberTests.runScenario(io.cucumber.testng.PickleWrapper,io.cucumber.testng.FeatureWrapper)[pri:0, instance:runner.TestRunner@20d7d6fb]" name="runScenario" class="io.cucumber.testng.AbstractTestNGCucumberTests"/>
      </group> <!-- cucumber -->
    </groups>
    <test started-at="2025-02-25T10:38:05 CST" name="Default test" finished-at="2025-02-25T10:38:23 CST" duration-ms="18153">
      <class name="runner.TestRunner">
        <test-method is-config="true" signature="setUpClass(org.testng.ITestContext)[pri:0, instance:runner.TestRunner@20d7d6fb]" started-at="2025-02-25T10:38:05 CST" name="setUpClass" finished-at="2025-02-25T10:38:15 CST" duration-ms="10177" status="PASS">
          <params>
            <param index="0">
              <value>
                <![CDATA[org.testng.TestRunner@50448409]]>
              </value>
            </param>
          </params>
          <reporter-output>
          </reporter-output>
        </test-method> <!-- setUpClass -->
        <test-method signature="runScenario(io.cucumber.testng.PickleWrapper,io.cucumber.testng.FeatureWrapper)[pri:0, instance:runner.TestRunner@20d7d6fb]" started-at="2025-02-25T10:38:15 CST" name="runScenario" description="Runs Cucumber Scenarios" data-provider="scenarios" finished-at="2025-02-25T10:38:22 CST" duration-ms="7376" status="FAIL">
          <params>
            <param index="0">
              <value>
                <![CDATA["Verify Admin is able to click Next page link"]]>
              </value>
            </param>
            <param index="1">
              <value>
                <![CDATA["Program Pagination"]]>
              </value>
            </param>
          </params>
          <exception class="java.lang.AssertionError">
            <message>
              <![CDATA[expected [true] but found [null]]]>
            </message>
            <full-stacktrace>
              <![CDATA[java.lang.AssertionError: expected [true] but found [null]
at org.testng.Assert.fail(Assert.java:111)
at org.testng.Assert.failNotEquals(Assert.java:1578)
at org.testng.Assert.assertEqualsImpl(Assert.java:150)
at org.testng.Assert.assertEquals(Assert.java:132)
at org.testng.Assert.assertEquals(Assert.java:656)
at org.testng.Assert.assertEquals(Assert.java:666)
at stepDefinitions.ProgramPagination.admin_should_see_the_pagination_has_next_active_link(ProgramPagination.java:60)
at âœ½.Admin should see the Pagination has Next active link(file:///C:/SahanaNUMPYNINJASDET/workspace/NewTeam5BugDetectors/Selenium_Hackathon_Team5/src/test/resources/featureFiles/ProgramPagination.feature:11)
]]>
            </full-stacktrace>
          </exception> <!-- java.lang.AssertionError -->
          <reporter-output>
          </reporter-output>
        </test-method> <!-- runScenario -->
        <test-method is-config="true" signature="tearDownClass()[pri:0, instance:runner.TestRunner@20d7d6fb]" started-at="2025-02-25T10:38:22 CST" name="tearDownClass" finished-at="2025-02-25T10:38:23 CST" duration-ms="491" status="PASS">
          <reporter-output>
          </reporter-output>
        </test-method> <!-- tearDownClass -->
      </class> <!-- runner.TestRunner -->
    </test> <!-- Default test -->
  </suite> <!-- Default suite -->
</testng-results>
